<?xml version="1.0" encoding="UTF-8"?>
<coverage generated="1772047108553" clover="3.2.0">
  <project timestamp="1772047108554" name="All files">
    <metrics statements="94" coveredstatements="66" conditionals="56" coveredconditionals="40" methods="30" coveredmethods="19" elements="180" coveredelements="125" complexity="0" loc="94" ncloc="94" packages="1" files="2" classes="2"/>
    <file name="App.css" path="C:\Users\dell\puzzle-app\src\App.css">
      <metrics statements="0" coveredstatements="0" conditionals="0" coveredconditionals="0" methods="0" coveredmethods="0"/>
    </file>
    <file name="App.jsx" path="C:\Users\dell\puzzle-app\src\App.jsx">
      <metrics statements="94" coveredstatements="66" conditionals="56" coveredconditionals="40" methods="30" coveredmethods="19"/>
      <line num="5" count="1" type="stmt"/>
      <line num="12" count="0" type="stmt"/>
      <line num="13" count="0" type="stmt"/>
      <line num="15" count="0" type="stmt"/>
      <line num="17" count="0" type="stmt"/>
      <line num="18" count="0" type="stmt"/>
      <line num="19" count="0" type="stmt"/>
      <line num="22" count="0" type="stmt"/>
      <line num="31" count="29" type="stmt"/>
      <line num="32" count="29" type="stmt"/>
      <line num="33" count="29" type="stmt"/>
      <line num="34" count="29" type="stmt"/>
      <line num="35" count="29" type="stmt"/>
      <line num="36" count="29" type="stmt"/>
      <line num="37" count="29" type="stmt"/>
      <line num="38" count="29" type="stmt"/>
      <line num="40" count="29" type="stmt"/>
      <line num="43" count="29" type="stmt"/>
      <line num="44" count="5" type="stmt"/>
      <line num="45" count="5" type="stmt"/>
      <line num="49" count="29" type="stmt"/>
      <line num="50" count="11" type="cond" truecount="2" falsecount="0"/>
      <line num="51" count="6" type="stmt"/>
      <line num="55" count="29" type="stmt"/>
      <line num="56" count="6" type="cond" truecount="2" falsecount="0"/>
      <line num="57" count="5" type="stmt"/>
      <line num="58" count="0" type="stmt"/>
      <line num="60" count="5" type="stmt"/>
      <line num="64" count="29" type="stmt"/>
      <line num="65" count="5" type="stmt"/>
      <line num="66" count="5" type="cond" truecount="1" falsecount="1"/>
      <line num="67" count="5" type="stmt"/>
      <line num="72" count="29" type="stmt"/>
      <line num="73" count="8" type="cond" truecount="5" falsecount="1"/>
      <line num="74" count="0" type="stmt"/>
      <line num="76" count="8" type="stmt"/>
      <line num="77" count="32" type="cond" truecount="2" falsecount="0"/>
      <line num="80" count="8" type="stmt"/>
      <line num="81" count="8" type="stmt"/>
      <line num="85" count="29" type="stmt"/>
      <line num="86" count="17" type="cond" truecount="2" falsecount="0"/>
      <line num="87" count="4" type="stmt"/>
      <line num="89" count="4" type="cond" truecount="2" falsecount="0"/>
      <line num="90" count="3" type="stmt"/>
      <line num="91" count="12" type="cond" truecount="4" falsecount="0"/>
      <line num="96" count="3" type="stmt"/>
      <line num="97" count="3" type="stmt"/>
      <line num="98" count="3" type="stmt"/>
      <line num="99" count="3" type="stmt"/>
      <line num="103" count="1" type="stmt"/>
      <line num="104" count="0" type="stmt"/>
      <line num="105" count="0" type="stmt"/>
      <line num="106" count="0" type="cond" truecount="0" falsecount="4"/>
      <line num="111" count="0" type="stmt"/>
      <line num="118" count="29" type="stmt"/>
      <line num="119" count="28" type="cond" truecount="4" falsecount="0"/>
      <line num="120" count="1" type="stmt"/>
      <line num="125" count="29" type="stmt"/>
      <line num="126" count="6" type="cond" truecount="2" falsecount="0"/>
      <line num="128" count="1" type="stmt"/>
      <line num="129" count="1" type="stmt"/>
      <line num="130" count="1" type="cond" truecount="1" falsecount="1"/>
      <line num="132" count="6" type="stmt"/>
      <line num="133" count="6" type="stmt"/>
      <line num="135" count="6" type="cond" truecount="2" falsecount="0"/>
      <line num="136" count="1" type="stmt"/>
      <line num="137" count="1" type="stmt"/>
      <line num="138" count="1" type="stmt"/>
      <line num="139" count="1" type="stmt"/>
      <line num="142" count="0" type="cond" truecount="0" falsecount="2"/>
      <line num="143" count="0" type="stmt"/>
      <line num="144" count="0" type="stmt"/>
      <line num="147" count="0" type="cond" truecount="0" falsecount="2"/>
      <line num="148" count="0" type="stmt"/>
      <line num="149" count="0" type="stmt"/>
      <line num="150" count="0" type="stmt"/>
      <line num="151" count="0" type="stmt"/>
      <line num="153" count="0" type="stmt"/>
      <line num="154" count="0" type="stmt"/>
      <line num="155" count="0" type="stmt"/>
      <line num="160" count="29" type="stmt"/>
      <line num="161" count="1" type="stmt"/>
      <line num="162" count="1" type="stmt"/>
      <line num="163" count="1" type="stmt"/>
      <line num="164" count="1" type="stmt"/>
      <line num="165" count="1" type="stmt"/>
      <line num="168" count="29" type="stmt"/>
      <line num="174" count="0" type="stmt"/>
      <line num="181" count="1" type="stmt"/>
      <line num="188" count="0" type="stmt"/>
      <line num="210" count="76" type="stmt"/>
      <line num="216" count="8" type="stmt"/>
      <line num="218" count="0" type="cond" truecount="0" falsecount="4"/>
      <line num="219" count="0" type="stmt"/>
    </file>
  </project>
</coverage>
