{"C:\\Users\\dell\\puzzle-app\\src\\App.css": {"path":"C:\\Users\\dell\\puzzle-app\\src\\App.css","statementMap":{},"fnMap":{},"branchMap":{},"s":{},"f":{},"b":{},"meta":{"lastBranch":0,"lastFunction":0,"lastStatement":0,"seen":{}}}
,"C:\\Users\\dell\\puzzle-app\\src\\App.jsx": {"path":"C:\\Users\\dell\\puzzle-app\\src\\App.jsx","statementMap":{"0":{"start":{"line":5,"column":15},"end":{"line":9,"column":null}},"1":{"start":{"line":12,"column":8},"end":{"line":12,"column":null}},"2":{"start":{"line":13,"column":15},"end":{"line":13,"column":null}},"3":{"start":{"line":13,"column":53},"end":{"line":13,"column":79}},"4":{"start":{"line":15,"column":21},"end":{"line":15,"column":null}},"5":{"start":{"line":17,"column":2},"end":{"line":20,"column":null}},"6":{"start":{"line":17,"column":15},"end":{"line":17,"column":38}},"7":{"start":{"line":18,"column":10},"end":{"line":18,"column":null}},"8":{"start":{"line":19,"column":4},"end":{"line":19,"column":null}},"9":{"start":{"line":22,"column":2},"end":{"line":27,"column":null}},"10":{"start":{"line":22,"column":43},"end":{"line":27,"column":4}},"11":{"start":{"line":31,"column":24},"end":{"line":31,"column":null}},"12":{"start":{"line":32,"column":36},"end":{"line":32,"column":null}},"13":{"start":{"line":33,"column":24},"end":{"line":33,"column":null}},"14":{"start":{"line":34,"column":30},"end":{"line":34,"column":null}},"15":{"start":{"line":35,"column":24},"end":{"line":35,"column":null}},"16":{"start":{"line":36,"column":22},"end":{"line":36,"column":null}},"17":{"start":{"line":37,"column":34},"end":{"line":37,"column":null}},"18":{"start":{"line":38,"column":26},"end":{"line":38,"column":null}},"19":{"start":{"line":40,"column":8},"end":{"line":40,"column":null}},"20":{"start":{"line":43,"column":1},"end":{"line":46,"column":null}},"21":{"start":{"line":44,"column":8},"end":{"line":44,"column":null}},"22":{"start":{"line":45,"column":2},"end":{"line":45,"column":null}},"23":{"start":{"line":49,"column":0},"end":{"line":53,"column":null}},"24":{"start":{"line":50,"column":2},"end":{"line":52,"column":null}},"25":{"start":{"line":51,"column":4},"end":{"line":51,"column":null}},"26":{"start":{"line":55,"column":2},"end":{"line":61,"column":null}},"27":{"start":{"line":56,"column":4},"end":{"line":56,"column":null}},"28":{"start":{"line":56,"column":20},"end":{"line":56,"column":null}},"29":{"start":{"line":57,"column":21},"end":{"line":59,"column":null}},"30":{"start":{"line":58,"column":6},"end":{"line":58,"column":null}},"31":{"start":{"line":58,"column":22},"end":{"line":58,"column":30}},"32":{"start":{"line":60,"column":4},"end":{"line":60,"column":null}},"33":{"start":{"line":60,"column":17},"end":{"line":60,"column":null}},"34":{"start":{"line":64,"column":2},"end":{"line":69,"column":null}},"35":{"start":{"line":65,"column":10},"end":{"line":65,"column":null}},"36":{"start":{"line":66,"column":4},"end":{"line":68,"column":null}},"37":{"start":{"line":67,"column":6},"end":{"line":67,"column":null}},"38":{"start":{"line":72,"column":22},"end":{"line":82,"column":null}},"39":{"start":{"line":73,"column":4},"end":{"line":74,"column":null}},"40":{"start":{"line":74,"column":6},"end":{"line":74,"column":null}},"41":{"start":{"line":76,"column":25},"end":{"line":78,"column":null}},"42":{"start":{"line":77,"column":6},"end":{"line":77,"column":null}},"43":{"start":{"line":80,"column":4},"end":{"line":80,"column":null}},"44":{"start":{"line":81,"column":4},"end":{"line":81,"column":null}},"45":{"start":{"line":85,"column":0},"end":{"line":115,"column":null}},"46":{"start":{"line":86,"column":2},"end":{"line":114,"column":null}},"47":{"start":{"line":87,"column":28},"end":{"line":87,"column":null}},"48":{"start":{"line":89,"column":4},"end":{"line":113,"column":null}},"49":{"start":{"line":90,"column":27},"end":{"line":94,"column":null}},"50":{"start":{"line":91,"column":8},"end":{"line":93,"column":null}},"51":{"start":{"line":96,"column":6},"end":{"line":100,"column":null}},"52":{"start":{"line":97,"column":8},"end":{"line":97,"column":null}},"53":{"start":{"line":98,"column":8},"end":{"line":98,"column":null}},"54":{"start":{"line":98,"column":25},"end":{"line":98,"column":33}},"55":{"start":{"line":99,"column":8},"end":{"line":99,"column":null}},"56":{"start":{"line":103,"column":6},"end":{"line":112,"column":null}},"57":{"start":{"line":104,"column":8},"end":{"line":110,"column":null}},"58":{"start":{"line":105,"column":10},"end":{"line":109,"column":null}},"59":{"start":{"line":106,"column":12},"end":{"line":108,"column":null}},"60":{"start":{"line":111,"column":8},"end":{"line":111,"column":null}},"61":{"start":{"line":118,"column":2},"end":{"line":122,"column":null}},"62":{"start":{"line":119,"column":4},"end":{"line":121,"column":null}},"63":{"start":{"line":119,"column":44},"end":{"line":119,"column":56}},"64":{"start":{"line":120,"column":6},"end":{"line":120,"column":null}},"65":{"start":{"line":125,"column":2},"end":{"line":157,"column":null}},"66":{"start":{"line":126,"column":4},"end":{"line":126,"column":null}},"67":{"start":{"line":126,"column":21},"end":{"line":126,"column":null}},"68":{"start":{"line":128,"column":10},"end":{"line":128,"column":null}},"69":{"start":{"line":129,"column":10},"end":{"line":129,"column":null}},"70":{"start":{"line":130,"column":24},"end":{"line":130,"column":null}},"71":{"start":{"line":132,"column":22},"end":{"line":132,"column":null}},"72":{"start":{"line":133,"column":4},"end":{"line":133,"column":null}},"73":{"start":{"line":135,"column":4},"end":{"line":140,"column":null}},"74":{"start":{"line":136,"column":6},"end":{"line":136,"column":null}},"75":{"start":{"line":137,"column":6},"end":{"line":137,"column":null}},"76":{"start":{"line":138,"column":6},"end":{"line":138,"column":null}},"77":{"start":{"line":139,"column":6},"end":{"line":139,"column":null}},"78":{"start":{"line":142,"column":4},"end":{"line":145,"column":null}},"79":{"start":{"line":143,"column":6},"end":{"line":143,"column":null}},"80":{"start":{"line":144,"column":6},"end":{"line":144,"column":null}},"81":{"start":{"line":147,"column":4},"end":{"line":156,"column":null}},"82":{"start":{"line":148,"column":24},"end":{"line":148,"column":null}},"83":{"start":{"line":149,"column":6},"end":{"line":149,"column":null}},"84":{"start":{"line":150,"column":6},"end":{"line":150,"column":null}},"85":{"start":{"line":151,"column":6},"end":{"line":151,"column":null}},"86":{"start":{"line":153,"column":6},"end":{"line":153,"column":null}},"87":{"start":{"line":154,"column":6},"end":{"line":154,"column":null}},"88":{"start":{"line":155,"column":6},"end":{"line":155,"column":null}},"89":{"start":{"line":160,"column":22},"end":{"line":166,"column":null}},"90":{"start":{"line":161,"column":4},"end":{"line":161,"column":null}},"91":{"start":{"line":162,"column":4},"end":{"line":162,"column":null}},"92":{"start":{"line":163,"column":4},"end":{"line":163,"column":null}},"93":{"start":{"line":164,"column":4},"end":{"line":164,"column":null}},"94":{"start":{"line":165,"column":4},"end":{"line":165,"column":null}},"95":{"start":{"line":168,"column":2},"end":{"line":227,"column":null}},"96":{"start":{"line":174,"column":17},"end":{"line":174,"column":null}},"97":{"start":{"line":181,"column":17},"end":{"line":181,"column":null}},"98":{"start":{"line":188,"column":17},"end":{"line":188,"column":null}},"99":{"start":{"line":210,"column":2},"end":{"line":224,"column":null}},"100":{"start":{"line":216,"column":17},"end":{"line":216,"column":null}},"101":{"start":{"line":218,"column":4},"end":{"line":220,"column":null}},"102":{"start":{"line":219,"column":6},"end":{"line":219,"column":null}}},"fnMap":{"0":{"name":"generateDailyCards","decl":{"start":{"line":11,"column":9},"end":{"line":11,"column":28}},"loc":{"start":{"line":11,"column":36},"end":{"line":28,"column":null}},"line":11},"1":{"name":"(anonymous_1)","decl":{"start":{"line":13,"column":38},"end":{"line":13,"column":39}},"loc":{"start":{"line":13,"column":53},"end":{"line":13,"column":79}},"line":13},"2":{"name":"(anonymous_2)","decl":{"start":{"line":22,"column":24},"end":{"line":22,"column":25}},"loc":{"start":{"line":22,"column":43},"end":{"line":27,"column":4}},"line":22},"3":{"name":"App","decl":{"start":{"line":30,"column":9},"end":{"line":30,"column":15}},"loc":{"start":{"line":30,"column":15},"end":{"line":229,"column":null}},"line":30},"4":{"name":"(anonymous_4)","decl":{"start":{"line":43,"column":11},"end":{"line":43,"column":17}},"loc":{"start":{"line":43,"column":17},"end":{"line":46,"column":3}},"line":43},"5":{"name":"(anonymous_5)","decl":{"start":{"line":49,"column":10},"end":{"line":49,"column":16}},"loc":{"start":{"line":49,"column":16},"end":{"line":53,"column":3}},"line":49},"6":{"name":"(anonymous_6)","decl":{"start":{"line":55,"column":12},"end":{"line":55,"column":18}},"loc":{"start":{"line":55,"column":18},"end":{"line":61,"column":5}},"line":55},"7":{"name":"(anonymous_7)","decl":{"start":{"line":57,"column":33},"end":{"line":57,"column":39}},"loc":{"start":{"line":57,"column":39},"end":{"line":59,"column":7}},"line":57},"8":{"name":"(anonymous_8)","decl":{"start":{"line":58,"column":14},"end":{"line":58,"column":22}},"loc":{"start":{"line":58,"column":22},"end":{"line":58,"column":30}},"line":58},"9":{"name":"(anonymous_9)","decl":{"start":{"line":60,"column":11},"end":{"line":60,"column":17}},"loc":{"start":{"line":60,"column":17},"end":{"line":60,"column":null}},"line":60},"10":{"name":"(anonymous_10)","decl":{"start":{"line":64,"column":12},"end":{"line":64,"column":18}},"loc":{"start":{"line":64,"column":18},"end":{"line":69,"column":5}},"line":64},"11":{"name":"(anonymous_11)","decl":{"start":{"line":72,"column":22},"end":{"line":72,"column":23}},"loc":{"start":{"line":72,"column":32},"end":{"line":82,"column":null}},"line":72},"12":{"name":"(anonymous_12)","decl":{"start":{"line":76,"column":35},"end":{"line":76,"column":null}},"loc":{"start":{"line":77,"column":6},"end":{"line":77,"column":null}},"line":77},"13":{"name":"(anonymous_13)","decl":{"start":{"line":85,"column":10},"end":{"line":85,"column":16}},"loc":{"start":{"line":85,"column":16},"end":{"line":115,"column":3}},"line":85},"14":{"name":"(anonymous_14)","decl":{"start":{"line":90,"column":37},"end":{"line":90,"column":null}},"loc":{"start":{"line":91,"column":8},"end":{"line":93,"column":null}},"line":91},"15":{"name":"(anonymous_15)","decl":{"start":{"line":96,"column":17},"end":{"line":96,"column":23}},"loc":{"start":{"line":96,"column":23},"end":{"line":100,"column":9}},"line":96},"16":{"name":"(anonymous_16)","decl":{"start":{"line":98,"column":17},"end":{"line":98,"column":25}},"loc":{"start":{"line":98,"column":25},"end":{"line":98,"column":33}},"line":98},"17":{"name":"(anonymous_17)","decl":{"start":{"line":103,"column":17},"end":{"line":103,"column":23}},"loc":{"start":{"line":103,"column":23},"end":{"line":112,"column":9}},"line":103},"18":{"name":"(anonymous_18)","decl":{"start":{"line":104,"column":17},"end":{"line":104,"column":null}},"loc":{"start":{"line":105,"column":10},"end":{"line":109,"column":null}},"line":105},"19":{"name":"(anonymous_19)","decl":{"start":{"line":105,"column":19},"end":{"line":105,"column":null}},"loc":{"start":{"line":106,"column":12},"end":{"line":108,"column":null}},"line":106},"20":{"name":"(anonymous_20)","decl":{"start":{"line":118,"column":12},"end":{"line":118,"column":18}},"loc":{"start":{"line":118,"column":18},"end":{"line":122,"column":5}},"line":118},"21":{"name":"(anonymous_21)","decl":{"start":{"line":119,"column":36},"end":{"line":119,"column":44}},"loc":{"start":{"line":119,"column":44},"end":{"line":119,"column":56}},"line":119},"22":{"name":"(anonymous_22)","decl":{"start":{"line":125,"column":12},"end":{"line":125,"column":18}},"loc":{"start":{"line":125,"column":18},"end":{"line":157,"column":5}},"line":125},"23":{"name":"(anonymous_23)","decl":{"start":{"line":160,"column":22},"end":{"line":160,"column":23}},"loc":{"start":{"line":160,"column":36},"end":{"line":166,"column":null}},"line":160},"24":{"name":"(anonymous_24)","decl":{"start":{"line":174,"column":11},"end":{"line":174,"column":17}},"loc":{"start":{"line":174,"column":17},"end":{"line":174,"column":null}},"line":174},"25":{"name":"(anonymous_25)","decl":{"start":{"line":181,"column":11},"end":{"line":181,"column":17}},"loc":{"start":{"line":181,"column":17},"end":{"line":181,"column":null}},"line":181},"26":{"name":"(anonymous_26)","decl":{"start":{"line":188,"column":11},"end":{"line":188,"column":17}},"loc":{"start":{"line":188,"column":17},"end":{"line":188,"column":null}},"line":188},"27":{"name":"(anonymous_27)","decl":{"start":{"line":209,"column":19},"end":{"line":209,"column":null}},"loc":{"start":{"line":210,"column":2},"end":{"line":224,"column":null}},"line":210},"28":{"name":"(anonymous_28)","decl":{"start":{"line":216,"column":11},"end":{"line":216,"column":17}},"loc":{"start":{"line":216,"column":17},"end":{"line":216,"column":null}},"line":216},"29":{"name":"(anonymous_29)","decl":{"start":{"line":217,"column":13},"end":{"line":217,"column":14}},"loc":{"start":{"line":217,"column":20},"end":{"line":221,"column":null}},"line":217}},"branchMap":{"0":{"loc":{"start":{"line":50,"column":2},"end":{"line":52,"column":null}},"type":"if","locations":[{"start":{"line":50,"column":2},"end":{"line":52,"column":null}},{"start":{},"end":{}}],"line":50},"1":{"loc":{"start":{"line":56,"column":4},"end":{"line":56,"column":null}},"type":"if","locations":[{"start":{"line":56,"column":4},"end":{"line":56,"column":null}},{"start":{},"end":{}}],"line":56},"2":{"loc":{"start":{"line":66,"column":4},"end":{"line":68,"column":null}},"type":"if","locations":[{"start":{"line":66,"column":4},"end":{"line":68,"column":null}},{"start":{},"end":{}}],"line":66},"3":{"loc":{"start":{"line":73,"column":4},"end":{"line":74,"column":null}},"type":"if","locations":[{"start":{"line":73,"column":4},"end":{"line":74,"column":null}},{"start":{},"end":{}}],"line":73},"4":{"loc":{"start":{"line":73,"column":8},"end":{"line":73,"column":null}},"type":"binary-expr","locations":[{"start":{"line":73,"column":8},"end":{"line":73,"column":24}},{"start":{"line":73,"column":24},"end":{"line":73,"column":40}},{"start":{"line":73,"column":40},"end":{"line":73,"column":65}},{"start":{"line":73,"column":65},"end":{"line":73,"column":null}}],"line":73},"5":{"loc":{"start":{"line":77,"column":6},"end":{"line":77,"column":null}},"type":"cond-expr","locations":[{"start":{"line":77,"column":25},"end":{"line":77,"column":51}},{"start":{"line":77,"column":51},"end":{"line":77,"column":null}}],"line":77},"6":{"loc":{"start":{"line":86,"column":2},"end":{"line":114,"column":null}},"type":"if","locations":[{"start":{"line":86,"column":2},"end":{"line":114,"column":null}},{"start":{},"end":{}}],"line":86},"7":{"loc":{"start":{"line":89,"column":4},"end":{"line":113,"column":null}},"type":"if","locations":[{"start":{"line":89,"column":4},"end":{"line":113,"column":null}},{"start":{"line":102,"column":11},"end":{"line":113,"column":null}}],"line":89},"8":{"loc":{"start":{"line":91,"column":8},"end":{"line":93,"column":null}},"type":"cond-expr","locations":[{"start":{"line":92,"column":12},"end":{"line":92,"column":null}},{"start":{"line":93,"column":12},"end":{"line":93,"column":null}}],"line":91},"9":{"loc":{"start":{"line":91,"column":8},"end":{"line":91,"column":null}},"type":"binary-expr","locations":[{"start":{"line":91,"column":8},"end":{"line":91,"column":29}},{"start":{"line":91,"column":29},"end":{"line":91,"column":null}}],"line":91},"10":{"loc":{"start":{"line":106,"column":12},"end":{"line":108,"column":null}},"type":"cond-expr","locations":[{"start":{"line":107,"column":16},"end":{"line":107,"column":null}},{"start":{"line":108,"column":16},"end":{"line":108,"column":null}}],"line":106},"11":{"loc":{"start":{"line":106,"column":12},"end":{"line":106,"column":null}},"type":"binary-expr","locations":[{"start":{"line":106,"column":12},"end":{"line":106,"column":33}},{"start":{"line":106,"column":33},"end":{"line":106,"column":null}}],"line":106},"12":{"loc":{"start":{"line":119,"column":4},"end":{"line":121,"column":null}},"type":"if","locations":[{"start":{"line":119,"column":4},"end":{"line":121,"column":null}},{"start":{},"end":{}}],"line":119},"13":{"loc":{"start":{"line":119,"column":8},"end":{"line":119,"column":59}},"type":"binary-expr","locations":[{"start":{"line":119,"column":8},"end":{"line":119,"column":24}},{"start":{"line":119,"column":24},"end":{"line":119,"column":59}}],"line":119},"14":{"loc":{"start":{"line":126,"column":4},"end":{"line":126,"column":null}},"type":"if","locations":[{"start":{"line":126,"column":4},"end":{"line":126,"column":null}},{"start":{},"end":{}}],"line":126},"15":{"loc":{"start":{"line":130,"column":24},"end":{"line":130,"column":54}},"type":"binary-expr","locations":[{"start":{"line":130,"column":24},"end":{"line":130,"column":53}},{"start":{"line":130,"column":53},"end":{"line":130,"column":54}}],"line":130},"16":{"loc":{"start":{"line":135,"column":4},"end":{"line":140,"column":null}},"type":"if","locations":[{"start":{"line":135,"column":4},"end":{"line":140,"column":null}},{"start":{},"end":{}}],"line":135},"17":{"loc":{"start":{"line":142,"column":4},"end":{"line":145,"column":null}},"type":"if","locations":[{"start":{"line":142,"column":4},"end":{"line":145,"column":null}},{"start":{},"end":{}}],"line":142},"18":{"loc":{"start":{"line":147,"column":4},"end":{"line":156,"column":null}},"type":"if","locations":[{"start":{"line":147,"column":4},"end":{"line":156,"column":null}},{"start":{"line":152,"column":11},"end":{"line":156,"column":null}}],"line":147},"19":{"loc":{"start":{"line":200,"column":7},"end":{"line":200,"column":null}},"type":"binary-expr","locations":[{"start":{"line":200,"column":7},"end":{"line":200,"column":21}},{"start":{"line":200,"column":21},"end":{"line":200,"column":null}}],"line":200},"20":{"loc":{"start":{"line":206,"column":12},"end":{"line":206,"column":null}},"type":"cond-expr","locations":[{"start":{"line":206,"column":31},"end":{"line":206,"column":51}},{"start":{"line":206,"column":51},"end":{"line":206,"column":null}}],"line":206},"21":{"loc":{"start":{"line":215,"column":22},"end":{"line":215,"column":74}},"type":"cond-expr","locations":[{"start":{"line":215,"column":53},"end":{"line":215,"column":66}},{"start":{"line":215,"column":66},"end":{"line":215,"column":74}}],"line":215},"22":{"loc":{"start":{"line":215,"column":22},"end":{"line":215,"column":53}},"type":"binary-expr","locations":[{"start":{"line":215,"column":22},"end":{"line":215,"column":38}},{"start":{"line":215,"column":38},"end":{"line":215,"column":53}}],"line":215},"23":{"loc":{"start":{"line":218,"column":4},"end":{"line":220,"column":null}},"type":"if","locations":[{"start":{"line":218,"column":4},"end":{"line":220,"column":null}},{"start":{},"end":{}}],"line":218},"24":{"loc":{"start":{"line":218,"column":8},"end":{"line":218,"column":44}},"type":"binary-expr","locations":[{"start":{"line":218,"column":8},"end":{"line":218,"column":29}},{"start":{"line":218,"column":29},"end":{"line":218,"column":44}}],"line":218},"25":{"loc":{"start":{"line":223,"column":13},"end":{"line":223,"column":null}},"type":"cond-expr","locations":[{"start":{"line":223,"column":44},"end":{"line":223,"column":57}},{"start":{"line":223,"column":57},"end":{"line":223,"column":null}}],"line":223},"26":{"loc":{"start":{"line":223,"column":13},"end":{"line":223,"column":44}},"type":"binary-expr","locations":[{"start":{"line":223,"column":13},"end":{"line":223,"column":29}},{"start":{"line":223,"column":29},"end":{"line":223,"column":44}}],"line":223}},"s":{"0":1,"1":0,"2":0,"3":0,"4":0,"5":0,"6":0,"7":0,"8":0,"9":0,"10":0,"11":29,"12":29,"13":29,"14":29,"15":29,"16":29,"17":29,"18":29,"19":29,"20":29,"21":5,"22":5,"23":29,"24":11,"25":6,"26":29,"27":6,"28":1,"29":5,"30":0,"31":0,"32":5,"33":5,"34":29,"35":5,"36":5,"37":5,"38":29,"39":8,"40":0,"41":8,"42":32,"43":8,"44":8,"45":29,"46":17,"47":4,"48":4,"49":3,"50":12,"51":3,"52":3,"53":3,"54":3,"55":3,"56":1,"57":0,"58":0,"59":0,"60":0,"61":29,"62":22,"63":28,"64":1,"65":29,"66":6,"67":5,"68":1,"69":1,"70":1,"71":6,"72":6,"73":6,"74":1,"75":1,"76":1,"77":1,"78":0,"79":0,"80":0,"81":0,"82":0,"83":0,"84":0,"85":0,"86":0,"87":0,"88":0,"89":29,"90":1,"91":1,"92":1,"93":1,"94":1,"95":29,"96":0,"97":1,"98":0,"99":76,"100":8,"101":0,"102":0},"f":{"0":0,"1":0,"2":0,"3":29,"4":5,"5":11,"6":6,"7":0,"8":0,"9":5,"10":5,"11":8,"12":32,"13":17,"14":12,"15":3,"16":3,"17":0,"18":0,"19":0,"20":22,"21":28,"22":6,"23":1,"24":0,"25":1,"26":0,"27":76,"28":8,"29":0},"b":{"0":[6,5],"1":[1,5],"2":[5,0],"3":[0,8],"4":[8,8,8,8],"5":[8,24],"6":[4,13],"7":[3,1],"8":[6,6],"9":[12,9],"10":[0,0],"11":[0,0],"12":[1,21],"13":[22,17],"14":[5,1],"15":[1,0],"16":[1,5],"17":[0,0],"18":[0,0],"19":[29,1],"20":[0,29],"21":[28,48],"22":[76,48],"23":[0,0],"24":[0,0],"25":[28,48],"26":[76,48]},"meta":{"lastBranch":27,"lastFunction":30,"lastStatement":103,"seen":{"s:5:15:9:Infinity":0,"f:11:9:11:28":0,"s:12:8:12:Infinity":1,"s:13:15:13:Infinity":2,"f:13:38:13:39":1,"s:13:53:13:79":3,"s:15:21:15:Infinity":4,"s:17:2:20:Infinity":5,"s:17:15:17:38":6,"s:18:10:18:Infinity":7,"s:19:4:19:Infinity":8,"s:22:2:27:Infinity":9,"f:22:24:22:25":2,"s:22:43:27:4":10,"f:30:9:30:15":3,"s:31:24:31:Infinity":11,"s:32:36:32:Infinity":12,"s:33:24:33:Infinity":13,"s:34:30:34:Infinity":14,"s:35:24:35:Infinity":15,"s:36:22:36:Infinity":16,"s:37:34:37:Infinity":17,"s:38:26:38:Infinity":18,"s:40:8:40:Infinity":19,"s:43:1:46:Infinity":20,"f:43:11:43:17":4,"s:44:8:44:Infinity":21,"s:45:2:45:Infinity":22,"s:49:0:53:Infinity":23,"f:49:10:49:16":5,"b:50:2:52:Infinity:undefined:undefined:undefined:undefined":0,"s:50:2:52:Infinity":24,"s:51:4:51:Infinity":25,"s:55:2:61:Infinity":26,"f:55:12:55:18":6,"b:56:4:56:Infinity:undefined:undefined:undefined:undefined":1,"s:56:4:56:Infinity":27,"s:56:20:56:Infinity":28,"s:57:21:59:Infinity":29,"f:57:33:57:39":7,"s:58:6:58:Infinity":30,"f:58:14:58:22":8,"s:58:22:58:30":31,"s:60:4:60:Infinity":32,"f:60:11:60:17":9,"s:60:17:60:Infinity":33,"s:64:2:69:Infinity":34,"f:64:12:64:18":10,"s:65:10:65:Infinity":35,"b:66:4:68:Infinity:undefined:undefined:undefined:undefined":2,"s:66:4:68:Infinity":36,"s:67:6:67:Infinity":37,"s:72:22:82:Infinity":38,"f:72:22:72:23":11,"b:73:4:74:Infinity:undefined:undefined:undefined:undefined":3,"s:73:4:74:Infinity":39,"b:73:8:73:24:73:24:73:40:73:40:73:65:73:65:73:Infinity":4,"s:74:6:74:Infinity":40,"s:76:25:78:Infinity":41,"f:76:35:76:Infinity":12,"s:77:6:77:Infinity":42,"b:77:25:77:51:77:51:77:Infinity":5,"s:80:4:80:Infinity":43,"s:81:4:81:Infinity":44,"s:85:0:115:Infinity":45,"f:85:10:85:16":13,"b:86:2:114:Infinity:undefined:undefined:undefined:undefined":6,"s:86:2:114:Infinity":46,"s:87:28:87:Infinity":47,"b:89:4:113:Infinity:102:11:113:Infinity":7,"s:89:4:113:Infinity":48,"s:90:27:94:Infinity":49,"f:90:37:90:Infinity":14,"s:91:8:93:Infinity":50,"b:92:12:92:Infinity:93:12:93:Infinity":8,"b:91:8:91:29:91:29:91:Infinity":9,"s:96:6:100:Infinity":51,"f:96:17:96:23":15,"s:97:8:97:Infinity":52,"s:98:8:98:Infinity":53,"f:98:17:98:25":16,"s:98:25:98:33":54,"s:99:8:99:Infinity":55,"s:103:6:112:Infinity":56,"f:103:17:103:23":17,"s:104:8:110:Infinity":57,"f:104:17:104:Infinity":18,"s:105:10:109:Infinity":58,"f:105:19:105:Infinity":19,"s:106:12:108:Infinity":59,"b:107:16:107:Infinity:108:16:108:Infinity":10,"b:106:12:106:33:106:33:106:Infinity":11,"s:111:8:111:Infinity":60,"s:118:2:122:Infinity":61,"f:118:12:118:18":20,"b:119:4:121:Infinity:undefined:undefined:undefined:undefined":12,"s:119:4:121:Infinity":62,"b:119:8:119:24:119:24:119:59":13,"f:119:36:119:44":21,"s:119:44:119:56":63,"s:120:6:120:Infinity":64,"s:125:2:157:Infinity":65,"f:125:12:125:18":22,"b:126:4:126:Infinity:undefined:undefined:undefined:undefined":14,"s:126:4:126:Infinity":66,"s:126:21:126:Infinity":67,"s:128:10:128:Infinity":68,"s:129:10:129:Infinity":69,"s:130:24:130:Infinity":70,"b:130:24:130:53:130:53:130:54":15,"s:132:22:132:Infinity":71,"s:133:4:133:Infinity":72,"b:135:4:140:Infinity:undefined:undefined:undefined:undefined":16,"s:135:4:140:Infinity":73,"s:136:6:136:Infinity":74,"s:137:6:137:Infinity":75,"s:138:6:138:Infinity":76,"s:139:6:139:Infinity":77,"b:142:4:145:Infinity:undefined:undefined:undefined:undefined":17,"s:142:4:145:Infinity":78,"s:143:6:143:Infinity":79,"s:144:6:144:Infinity":80,"b:147:4:156:Infinity:152:11:156:Infinity":18,"s:147:4:156:Infinity":81,"s:148:24:148:Infinity":82,"s:149:6:149:Infinity":83,"s:150:6:150:Infinity":84,"s:151:6:151:Infinity":85,"s:153:6:153:Infinity":86,"s:154:6:154:Infinity":87,"s:155:6:155:Infinity":88,"s:160:22:166:Infinity":89,"f:160:22:160:23":23,"s:161:4:161:Infinity":90,"s:162:4:162:Infinity":91,"s:163:4:163:Infinity":92,"s:164:4:164:Infinity":93,"s:165:4:165:Infinity":94,"s:168:2:227:Infinity":95,"f:174:11:174:17":24,"s:174:17:174:Infinity":96,"f:181:11:181:17":25,"s:181:17:181:Infinity":97,"f:188:11:188:17":26,"s:188:17:188:Infinity":98,"b:200:7:200:21:200:21:200:Infinity":19,"b:206:31:206:51:206:51:206:Infinity":20,"f:209:19:209:Infinity":27,"s:210:2:224:Infinity":99,"b:215:53:215:66:215:66:215:74":21,"b:215:22:215:38:215:38:215:53":22,"f:216:11:216:17":28,"s:216:17:216:Infinity":100,"f:217:13:217:14":29,"b:218:4:220:Infinity:undefined:undefined:undefined:undefined":23,"s:218:4:220:Infinity":101,"b:218:8:218:29:218:29:218:44":24,"s:219:6:219:Infinity":102,"b:223:44:223:57:223:57:223:Infinity":25,"b:223:13:223:29:223:29:223:44":26}}}
}
